"../../../Engine/Content/EditorBlueprintResources/StandardMacros.uasset" 0
"../../../../../../Proyects/Cursos/Unreal/REGRETSSION/Content/FirstPerson/Character/Mesh/SK_Mannequin_Arms_Skeleton.uasset" 1
"../../../../../../Proyects/Cursos/Unreal/REGRETSSION/Content/FirstPerson/Animations/FirstPerson_Run.uasset" 2
"../../../../../../Proyects/Cursos/Unreal/REGRETSSION/Content/FirstPerson/Animations/FirstPerson_JumpStart.uasset" 3
"../../../../../../Proyects/Cursos/Unreal/REGRETSSION/Content/FirstPerson/Animations/FirstPerson_JumpLoop.uasset" 4
"../../../../../../Proyects/Cursos/Unreal/REGRETSSION/Content/FirstPerson/Animations/FirstPerson_JumpEnd.uasset" 5
"../../../../../../Proyects/Cursos/Unreal/REGRETSSION/Content/FirstPerson/Animations/FirstPerson_Idle.uasset" 6
"../../../../../../Proyects/Cursos/Unreal/REGRETSSION/Content/FirstPerson/Animations/FirstPerson_AnimBP.uasset" 7
"../../../../../../Proyects/Cursos/Unreal/REGRETSSION/Content/FirstPerson/Character/Mesh/FirstPersonAnimBlueprint_Copy.uasset" 8
"../../../../../../Proyects/Cursos/Unreal/REGRETSSION/Content/FirstPerson/Character/Textures/UE4_LOGO_CARD.uasset" 9
"../../../../../../Proyects/Cursos/Unreal/REGRETSSION/Content/FirstPerson/FPWeapon/Materials/MaterialLayers/ML_Plastic_Shiny_Beige_LOGO.uasset" 10
"../../../../../../Proyects/Cursos/Unreal/REGRETSSION/Content/FirstPerson/FPWeapon/Materials/MaterialLayers/T_ML_FineRubber.uasset" 11
"../../../../../../Proyects/Cursos/Unreal/REGRETSSION/Content/FirstPerson/FPWeapon/Mesh/SK_FPGun_PhysicsAsset.uasset" 12
"../../../../../../Proyects/Cursos/Unreal/REGRETSSION/Content/FirstPersonBP/FirstPersonOverview.uasset" 13
"../../../../../../Proyects/Cursos/Unreal/REGRETSSION/Content/Geometry/Meshes/CubeMaterial.uasset" 14
"../../../../../../Proyects/Cursos/Unreal/REGRETSSION/Content/Geometry/Meshes/1M_Cube_Chamfer.uasset" 15
"../../../../../../Proyects/Cursos/Unreal/REGRETSSION/Content/Geometry/Meshes/TemplateFloor.uasset" 16
"../../../../../../Proyects/Cursos/Unreal/REGRETSSION/Content/REGRETSSION-Assets/Art/Sprites/TrainLevelPlane.uasset" 17
"../../../../../../Proyects/Cursos/Unreal/REGRETSSION/Content/REGRETSSION-Assets/Art/Sprites/TrainLevelPlane_Sprite.uasset" 18
"../../../../../../Proyects/Cursos/Unreal/REGRETSSION/Content/REGRETSSION-Assets/Art/Materials/Mat_Destructible_PH.uasset" 19
"../../../Engine/Content/Animation/DefaultAnimBoneCompressionSettings.uasset" 20
"../../../Engine/Content/Animation/DefaultAnimCurveCompressionSettings.uasset" 21
"../../../Engine/Content/EngineMaterials/T_Default_Material_Grid_N.uasset" 22
"../../../Engine/Content/EngineMaterials/T_Default_Material_Grid_M.uasset" 23
"../../../Engine/Content/Functions/Engine_MaterialFunctions01/Opacity/CameraDepthFade.uasset" 24
"../../../Engine/Content/EngineMaterials/WorldGridMaterial.uasset" 25
"../../../Engine/Content/ArtTools/RenderToTexture/Meshes/S_1_Unit_Plane.uasset" 26
"../../../Engine/Content/EngineMaterials/DefaultMaterial.uasset" 27
"../../../Engine/Content/BasicShapes/Cone.uasset" 28
"../../../Engine/Content/BasicShapes/Plane.uasset" 29
"../../../Engine/Content/BasicShapes/Sphere.uasset" 30
"../../../Engine/Content/EditorLandscapeResources/DataLayer.uasset" 31
"../../../Engine/Content/EditorLandscapeResources/DefaultAlphaTexture.uasset" 32
"../../../Engine/Content/EditorMaterials/MAT_Groups_Toggle.uasset" 33
"../../../Engine/Content/EditorMaterials/MAT_Groups_Visibility.uasset" 34
"../../../Engine/Content/EditorMaterials/PreviewShadowIndicator.uasset" 35
"../../../Engine/Content/EditorMaterials/PreviewShadowIndicatorMaterial.uasset" 36
"../../../Engine/Content/EditorMaterials/MatineeGroups/MAT_ColorTrack.uasset" 37
"../../../Engine/Content/EditorMaterials/MatineeGroups/MAT_Groups_Anim.uasset" 38
"../../../Engine/Content/EditorMaterials/MatineeGroups/MAT_Groups_AudioMaster.uasset" 39
"../../../Engine/Content/EditorMaterials/MatineeGroups/MAT_Groups_Director.uasset" 40
"../../../Engine/Content/EditorMaterials/MatineeGroups/MAT_Groups_Event.uasset" 41
"../../../Engine/Content/EditorMaterials/MatineeGroups/MAT_Groups_Fade.uasset" 42
"../../../Engine/Content/EditorMaterials/MatineeGroups/MAT_Groups_Float.uasset" 43
"../../../Engine/Content/EditorMaterials/MatineeGroups/MAT_Groups_Move.uasset" 44
"../../../Engine/Content/EditorMaterials/MatineeGroups/MAT_Groups_Slomo.uasset" 45
"../../../Engine/Content/EditorMaterials/MatineeGroups/MAT_Groups_Sound.uasset" 46
"../../../Engine/Content/EditorMaterials/MatineeGroups/MAT_Groups_Vector.uasset" 47
"../../../Engine/Content/EditorMaterials/ParticleSystems/PSysThumbnail_NoImage.uasset" 48
"../../../Engine/Content/EditorMaterials/ParticleSystems/PSysThumbnail_OOD.uasset" 49
"../../../Engine/Content/EditorMaterials/Camera/CineMat.uasset" 50
"../../../Engine/Content/EditorMaterials/Camera/MI_CineMat_Rig.uasset" 51
"../../../Engine/Content/EditorMeshes/Camera/SM_CraneRig_Arm.uasset" 52
"../../../Engine/Content/EditorMeshes/Camera/SM_CraneRig_Base.uasset" 53
"../../../Engine/Content/EditorMeshes/Camera/SM_CraneRig_Body.uasset" 54
"../../../Engine/Content/EditorMeshes/Camera/SM_CraneRig_Mount.uasset" 55
"../../../Engine/Content/EditorMeshes/Camera/SM_RailRig_Mount.uasset" 56
"../../../Engine/Content/EditorMeshes/Camera/SM_RailRig_Track.uasset" 57
"../../../Engine/Content/EditorResources/BSPVertex.uasset" 58
"../../../Engine/Content/EditorResources/EmptyActor.uasset" 59
"../../../Engine/Content/EditorResources/S_Actor.uasset" 60
"../../../Engine/Content/EditorResources/S_Note.uasset" 61
"../../../Engine/Content/EditorResources/S_Solver.uasset" 62
"../../../Engine/Content/EditorResources/S_Terrain.uasset" 63
"../../../Engine/Content/EditorResources/S_Trigger.uasset" 64
"../../../Engine/Content/EditorResources/LightIcons/S_LightError.uasset" 65
"../../../Engine/Content/EditorResources/SequenceRecorder/Countdown.uasset" 66
"../../../Engine/Content/EditorResources/SequenceRecorder/RecordingIndicator.uasset" 67
"../../../Engine/Content/EngineDamageTypes/DmgTypeBP_Environmental.uasset" 68
"../../../Engine/Content/EngineDebugMaterials/DebugEditorMaterial.uasset" 69
"../../../Engine/Content/EngineDebugMaterials/DebugMeshMaterial.uasset" 70
"../../../Engine/Content/EngineDebugMaterials/M_SimpleUnlitTranslucent.uasset" 71
"../../../Engine/Content/EngineDebugMaterials/VolumeToRender.uasset" 72
"../../../Engine/Content/Functions/Engine_MaterialFunctions02/Utility/CameraDirectionVector.uasset" 73
"../../../Engine/Content/EngineDebugMaterials/M_VolumeRenderSphereTracePP.uasset" 74
"../../../Engine/Content/Functions/Engine_MaterialFunctions01/Shading/ConvertFromDiffSpec.uasset" 75
"../../../Engine/Content/EngineDebugMaterials/VertexColorMaterial.uasset" 76
"../../../Engine/Content/EngineDebugMaterials/WireframeMaterial.uasset" 77
"../../../Engine/Content/EngineFonts/Faces/RobotoRegular.uasset" 78
"../../../Engine/Content/EngineFonts/Faces/RobotoLight.uasset" 79
"../../../Engine/Content/EngineFonts/Faces/RobotoItalic.uasset" 80
"../../../Engine/Content/EngineFonts/Faces/RobotoBoldItalic.uasset" 81
"../../../Engine/Content/EngineFonts/Faces/RobotoBold.uasset" 82
"../../../Engine/Content/EngineFonts/Faces/DroidSansFallback.uasset" 83
"../../../Engine/Content/EngineFonts/Roboto.uasset" 84
"../../../Engine/Content/EngineMaterials/BaseFlattenNormalMap.uasset" 85
"../../../Engine/Content/EngineMaterials/BaseFlattenGrayscaleMap.uasset" 86
"../../../Engine/Content/EngineMaterials/BaseFlattenEmissiveMap.uasset" 87
"../../../Engine/Content/EngineMaterials/BaseFlattenDiffuseMap.uasset" 88
"../../../Engine/Content/EngineMaterials/BaseFlattenMaterial.uasset" 89
"../../../Engine/Content/EngineMaterials/BlueNoise.uasset" 90
"../../../Engine/Content/EngineMaterials/DefaultBloomKernel.uasset" 91
"../../../Engine/Content/EngineMaterials/DefaultBokeh.uasset" 92
"../../../Engine/Content/EngineMaterials/DefaultDiffuse.uasset" 93
"../../../Engine/Content/EngineMaterials/DefaultDeferredDecalMaterial.uasset" 94
"../../../Engine/Content/EngineMaterials/DefaultLightFunctionMaterial.uasset" 95
"../../../Engine/Content/EngineMaterials/DefaultPhysicalMaterial.uasset" 96
"../../../Engine/Content/Functions/Engine_MaterialFunctions02/Utility/BreakOutFloat2Components.uasset" 97
"../../../Engine/Content/EngineMaterials/DefaultPostProcessMaterial.uasset" 98
"../../../Engine/Content/EngineFonts/RobotoDistanceField.uasset" 99
"../../../Engine/Content/EngineMaterials/DefaultTextMaterialOpaque.uasset" 100
"../../../Engine/Content/EngineMaterials/DefaultWhiteGrid.uasset" 101
"../../../Engine/Content/EngineMaterials/DefaultWhiteGrid_Low.uasset" 102
"../../../Engine/Content/EngineMaterials/EmissiveMeshMaterial.uasset" 103
"../../../Engine/Content/EngineMaterials/GizmoMaterial.uasset" 104
"../../../Engine/Content/EngineMaterials/Good64x64TilingNoiseHighFreq.uasset" 105
"../../../Engine/Content/EngineMaterials/MiniFont.uasset" 106
"../../../Engine/Content/EngineMaterials/InvalidLightmapSettings.uasset" 107
"../../../Engine/Content/EngineMaterials/M_InvalidLightmapSettings.uasset" 108
"../../../Engine/Content/Functions/Engine_MaterialFunctions02/WorldPositionOffset/CameraOffset.uasset" 109
"../../../Engine/Content/EngineMaterials/PhAT_JointLimitMaterial.uasset" 110
"../../../Engine/Content/EngineMaterials/PreintegratedSkinBRDF.uasset" 111
"../../../Engine/Content/EngineMaterials/RemoveSurfaceMaterial.uasset" 112
"../../../Engine/Content/EngineMaterials/WeightMapPlaceholderTexture.uasset" 113
"../../../Engine/Content/EngineResources/WhiteSquareTexture.uasset" 114
"../../../Engine/Content/EngineMaterials/Widget3DPassThrough.uasset" 115
"../../../Engine/Content/EngineMaterials/Widget3DPassThrough_Masked.uasset" 116
"../../../Engine/Content/EngineMaterials/Widget3DPassThrough_Opaque.uasset" 117
"../../../Engine/Content/EngineMaterials/Widget3DPassThrough_Masked_OneSided.uasset" 118
"../../../Engine/Content/EngineMaterials/Widget3DPassThrough_Opaque_OneSided.uasset" 119
"../../../Engine/Content/EngineMaterials/Widget3DPassThrough_Translucent.uasset" 120
"../../../Engine/Content/EngineMaterials/Widget3DPassThrough_Translucent_OneSided.uasset" 121
"../../../Engine/Content/EngineMeshes/Cylinder.uasset" 122
"../../../Engine/Content/EngineMeshes/Sphere.uasset" 123
"../../../Engine/Content/EngineResources/Black.uasset" 124
"../../../Engine/Content/EngineResources/DefaultTextureCube.uasset" 125
"../../../Engine/Content/EngineResources/DefaultVolumeTexture2D.uasset" 126
"../../../Engine/Content/EngineResources/DefaultVolumeTexture.uasset" 127
"../../../Engine/Content/EngineResources/GradientTexture0.uasset" 128
"../../../Engine/Content/EngineSky/VolumetricClouds/T_NoiseShape64.uasset" 129
"../../../Engine/Content/EngineSky/VolumetricClouds/T_VolumeNoiseShape64.uasset" 130
"../../../Engine/Content/EngineSky/VolumetricClouds/T_NoiseErosion.uasset" 131
"../../../Engine/Content/EngineSky/VolumetricClouds/T_VolumeNoiseErosion32.uasset" 132
"../../../Engine/Content/EngineSky/VolumetricClouds/CloudWeatherTexture.uasset" 133
"../../../Engine/Content/EngineSky/VolumetricClouds/CloudGradientTexture.uasset" 134
"../../../Engine/Content/Functions/Engine_MaterialFunctions02/Utility/MakeFloat2.uasset" 135
"../../../Engine/Content/EngineSky/VolumetricClouds/m_SimpleVolumetricCloud.uasset" 136
"../../../Engine/Content/EngineSky/VolumetricClouds/m_SimpleVolumetricCloud_Inst.uasset" 137
"../../../Engine/Content/EngineSounds/Master.uasset" 138
"../../../Engine/Content/Functions/Engine_MaterialFunctions01/Shading/PowerToRoughness.uasset" 139
"../../../Engine/Content/Maps/Templates/Thumbnails/Default.uasset" 140
"../../../Engine/Content/Maps/Templates/Thumbnails/TimeOfDay.uasset" 141
"../../../Engine/Content/Maps/Templates/Thumbnails/VR-Basic.uasset" 142
"../../../Engine/Content/MobileResources/T_MobileControls_texture.uasset" 143
"../../../Engine/Content/MobileResources/T_MobileMenu2.uasset" 144
"../../../Engine/Content/MobileResources/HUD/AnalogHat.uasset" 145
"../../../Engine/Content/MobileResources/HUD/VirtualJoystick_Thumb.uasset" 146
"../../../Engine/Content/MobileResources/HUD/VirtualJoystick_Background.uasset" 147
"../../../Engine/Content/MobileResources/HUD/DefaultVirtualJoysticks.uasset" 148
"../../../Engine/Content/MobileResources/HUD/LeftVirtualJoystickOnly.uasset" 149
"../../../Engine/Content/MobileResources/HUD/MobileHUDButton1_off.uasset" 150
"../../../Engine/Content/MobileResources/HUD/MobileHUDButton1_on.uasset" 151
"../../../Engine/Content/MobileResources/HUD/MobileHUDButton2_off.uasset" 152
"../../../Engine/Content/MobileResources/HUD/MobileHUDButton2_on.uasset" 153
"../../../Engine/Content/MobileResources/HUD/MobileHUDButton3.uasset" 154
"../../../Engine/Content/MobileResources/HUD/MobileHUDButtonFire.uasset" 155
"../../../Engine/Content/MobileResources/HUD/MobileHUDDirectionPad.uasset" 156
"../../../Engine/Content/MobileResources/HUD/MobileHUDDirectionPad2.uasset" 157
"../../../Engine/Content/MobileResources/HUD/MobileHUDDirectionPad3.uasset" 158
"../../../Engine/Content/MobileResources/HUD/MobileHUDDirectionStick.uasset" 159
"../../../Engine/Content/MobileResources/HUD/T_Castle_ThumbstickInner.uasset" 160
"../../../Engine/Content/MobileResources/HUD/T_Castle_ThumbstickOutter.uasset" 161
"../../../Engine/Content/VREditor/TransformGizmo/TranslucentTransformGizmoMaterial.uasset" 162
"../../../Engine/Content/VREditor/LaserPointer/VR_LaserPower_01.uasset" 163
"../../../Engine/Content/VREditor/TransformGizmo/TransformGizmoMaterial.uasset" 164
"../../../Engine/Content/VREditor/TransformGizmo/BoundingBoxCorner.uasset" 165
"../../../Engine/Content/VREditor/TransformGizmo/BoundingBoxEdge.uasset" 166
"../../../Engine/Content/VREditor/TransformGizmo/PlaneTranslationHandle.uasset" 167
"../../../Engine/Content/VREditor/TransformGizmo/Xray.uasset" 168
"../../../Engine/Content/VREditor/TransformGizmo/Main.uasset" 169
"../../../Engine/Content/VREditor/TransformGizmo/SM_Sequencer_Key.uasset" 170
"../../../Engine/Content/VREditor/TransformGizmo/SM_Sequencer_Node.uasset" 171
"../../Plugins/2D/Paper2D/Content/PlaceholderTextures/DummySpriteTexture.uasset" 172
"../../Plugins/2D/Paper2D/Content/DummySprite.uasset" 173
"../../Plugins/2D/Paper2D/Content/DefaultPaperTerrainMaterial.uasset" 174
"../../Plugins/2D/Paper2D/Content/DefaultSpriteMaterial.uasset" 175
"../../Plugins/2D/Paper2D/Content/MaskedUnlitSpriteMaterial.uasset" 176
"../../Plugins/2D/Paper2D/Content/OpaqueUnlitSpriteMaterial.uasset" 177
"../../../Engine/Content/ArtTools/RenderToTexture/Materials/Debug/M_Emissive_Color.uasset" 178
"../../../Engine/Content/BasicShapes/Cylinder.uasset" 179
"../../Plugins/Lumin/MagicLeapPassableWorld/Content/MagicLeapARPinInfoActor.uasset" 180
"../../../Engine/Content/Functions/Engine_MaterialFunctions02/ObjectLocalBounds.uasset" 181
"../../../Engine/Content/Functions/Engine_MaterialFunctions02/Utility/BreakOutFloat3Components.uasset" 182
"../../Plugins/Editor/SpeedTreeImporter/Content/SpeedTree9/UnpackInteger3.uasset" 183
"../../Plugins/Editor/SpeedTreeImporter/Content/SpeedTree9/UnpackDirection.uasset" 184
"../../Plugins/Editor/SpeedTreeImporter/Content/SpeedTree9/game_wind_noise.uasset" 185
"../../../Engine/Content/Functions/Engine_MaterialFunctions02/SafeNormalize.uasset" 186
"../../Plugins/Editor/SpeedTreeImporter/Content/SpeedTree9/SpeedTreeWindMotion.uasset" 187
"../../Plugins/Editor/SpeedTreeImporter/Content/SpeedTree9/SpeedTreeBranchMotion.uasset" 188
"../../../Engine/Content/Functions/Engine_MaterialFunctions02/UVs/BoundingBoxBased_0-1_UVW.uasset" 189
"../../Plugins/Editor/SpeedTreeImporter/Content/SpeedTree9/SpeedTreeWind.uasset" 190
"../../Plugins/Editor/SpeedTreeImporter/Content/SpeedTree9/SpeedTreeBillboard.uasset" 191
"../../../Engine/Content/EngineResources/DefaultTexture.uasset" 192
"../../Plugins/Editor/SpeedTreeImporter/Content/SpeedTree9/SpeedTreeBillboardMaster.uasset" 193
"../../Plugins/Editor/SpeedTreeImporter/Content/SpeedTree9/SpeedTreeCameraFacing.uasset" 194
"../../Plugins/Editor/SpeedTreeImporter/Content/SpeedTree9/SpeedTreeMaster.uasset" 195
"../../../Engine/Content/Functions/Engine_MaterialFunctions02/Utility/BreakOutFloat4Components.uasset" 196
"../../../Engine/Content/Functions/Engine_MaterialFunctions02/Utility/MakeFloat3.uasset" 197
"../../Plugins/Runtime/Oculus/OculusVR/Content/Materials/OculusMR_ChromaKey.uasset" 198
"../../Plugins/Runtime/Oculus/OculusVR/Content/Materials/OculusMR_OpaqueColoredMaterial.uasset" 199
"../../Plugins/Runtime/Oculus/OculusVR/Content/Materials/PokeAHoleMaterial.uasset" 200
"../../../../../../Proyects/Cursos/Unreal/REGRETSSION/Content/Geometry/Meshes/1M_Cube.uasset" 201
"../../../Engine/Content/EngineSky/T_Sky_Stars.uasset" 202
"../../../Engine/Content/EngineSky/T_Sky_Clouds_M.uasset" 203
"../../../Engine/Content/EngineSky/T_Sky_Blue.uasset" 204
"../../../Engine/Content/EngineSky/M_Sky_Panning_Clouds2.uasset" 205
"../../../Engine/Content/Functions/Engine_MaterialFunctions03/Procedurals/ComputeFilterWidth.uasset" 206
"../../../Engine/Content/EngineMaterials/AntiAliasedTextMaterialTranslucent.uasset" 207
"../../../../../../Proyects/Cursos/Unreal/REGRETSSION/Content/FirstPersonBP/Maps/FirstPersonExampleMap_BuiltData.uasset" 208
"../../../Engine/Content/EngineSky/C_Sky_Cloud_Color.uasset" 209
"../../../Engine/Content/EngineSky/SM_SkySphere.uasset" 210
"../../../Engine/Content/EngineSky/C_Sky_Zenith_Color.uasset" 211
"../../../Engine/Content/EngineSky/C_Sky_Horizon_Color.uasset" 212
"../../../Engine/Content/EngineSky/BP_Sky_Sphere.uasset" 213
"../../../../../../Proyects/Cursos/Unreal/REGRETSSION/Content/REGRETSSION-Assets/Blueprints/Interfaces/BP_IInteractuable.uasset" 214
"../../../../../../Proyects/Cursos/Unreal/REGRETSSION/Content/REGRETSSION-Assets/Blueprints/Struct/ENUM_KeyColors.uasset" 215
"../../../../../../Proyects/Cursos/Unreal/REGRETSSION/Content/REGRETSSION-Assets/Art/Models/Pickups/ColoredKeys/Key_Skeleton.uasset" 216
"../../../../../../Proyects/Cursos/Unreal/REGRETSSION/Content/REGRETSSION-Assets/Art/Models/Pickups/ColoredKeys/Key_PhysicsAsset.uasset" 217
"../../../../../../Proyects/Cursos/Unreal/REGRETSSION/Content/REGRETSSION-Assets/Art/Models/Pickups/ColoredKeys/Key.uasset" 218
"../../../../../../Proyects/Cursos/Unreal/REGRETSSION/Content/REGRETSSION-Assets/Blueprints/Actors/Interactuable/BP_Key.uasset" 219
"../../../../../../Proyects/Cursos/Unreal/REGRETSSION/Content/FirstPerson/Meshes/BaseMaterial.uasset" 220
"../../../../../../Proyects/Cursos/Unreal/REGRETSSION/Content/FirstPerson/Meshes/FirstPersonProjectileMaterial.uasset" 221
"../../../../../../Proyects/Cursos/Unreal/REGRETSSION/Content/FirstPerson/Meshes/FirstPersonProjectileMesh.uasset" 222
"../../../../../../Proyects/Cursos/Unreal/REGRETSSION/Content/FirstPersonBP/Blueprints/FirstPersonProjectile.uasset" 223
"../../../../../../Proyects/Cursos/Unreal/REGRETSSION/Content/FirstPerson/FPWeapon/Mesh/SK_FPGun_Skeleton.uasset" 224
"../../../../../../Proyects/Cursos/Unreal/REGRETSSION/Content/FirstPerson/FPWeapon/Textures/T_FPGun_N.uasset" 225
"../../../../../../Proyects/Cursos/Unreal/REGRETSSION/Content/FirstPerson/FPWeapon/Textures/T_FPGun_M.uasset" 226
"../../../../../../Proyects/Cursos/Unreal/REGRETSSION/Content/FirstPerson/FPWeapon/Materials/MaterialLayers/T_ML_Aluminum01_N.uasset" 227
"../../../../../../Proyects/Cursos/Unreal/REGRETSSION/Content/FirstPerson/FPWeapon/Materials/MaterialLayers/T_ML_Aluminum01.uasset" 228
"../../../../../../Proyects/Cursos/Unreal/REGRETSSION/Content/FirstPerson/FPWeapon/Materials/MaterialLayers/ML_SoftMetal_UE4.uasset" 229
"../../../../../../Proyects/Cursos/Unreal/REGRETSSION/Content/FirstPerson/FPWeapon/Materials/MaterialLayers/ML_Screen.uasset" 230
"../../../../../../Proyects/Cursos/Unreal/REGRETSSION/Content/FirstPerson/FPWeapon/Materials/MaterialLayers/ML_Plastic_Shiny_Beige.uasset" 231
"../../../../../../Proyects/Cursos/Unreal/REGRETSSION/Content/FirstPerson/FPWeapon/Materials/MaterialLayers/T_ML_Rubber_Blue_01_N.uasset" 232
"../../../../../../Proyects/Cursos/Unreal/REGRETSSION/Content/FirstPerson/FPWeapon/Materials/MaterialLayers/T_ML_Rubber_Blue_01_D.uasset" 233
"../../../../../../Proyects/Cursos/Unreal/REGRETSSION/Content/FirstPerson/FPWeapon/Materials/MaterialLayers/ML_GlossyBlack_Latex_UE4.uasset" 234
"../../../Engine/Content/Functions/MaterialLayerFunctions/MatLayerBlend_Simple.uasset" 235
"../../../Engine/Content/Functions/Engine_MaterialFunctions02/Utility/BlendAngleCorrectedNormals.uasset" 236
"../../../Engine/Content/Functions/MaterialLayerFunctions/MatLayerBlend_NormalBlend.uasset" 237
"../../../../../../Proyects/Cursos/Unreal/REGRETSSION/Content/FirstPerson/FPWeapon/Materials/M_FPGun.uasset" 238
"../../../../../../Proyects/Cursos/Unreal/REGRETSSION/Content/FirstPerson/FPWeapon/Mesh/SK_FPGun.uasset" 239
"../../../../../../Proyects/Cursos/Unreal/REGRETSSION/Content/FirstPerson/Character/Mesh/SK_Mannequin_Arms_PhysicsAsset.uasset" 240
"../../../../../../Proyects/Cursos/Unreal/REGRETSSION/Content/FirstPerson/Character/Textures/UE4_Mannequin_MAT_MASKA.uasset" 241
"../../../../../../Proyects/Cursos/Unreal/REGRETSSION/Content/FirstPerson/Character/Textures/UE4_Mannequin__normals.uasset" 242
"../../../../../../Proyects/Cursos/Unreal/REGRETSSION/Content/FirstPerson/Character/Materials/MaterialLayers/T_ML_Aluminum01_N.uasset" 243
"../../../../../../Proyects/Cursos/Unreal/REGRETSSION/Content/FirstPerson/Character/Materials/MaterialLayers/T_ML_Aluminum01.uasset" 244
"../../../../../../Proyects/Cursos/Unreal/REGRETSSION/Content/FirstPerson/Character/Materials/MaterialLayers/ML_SoftMetal_UE4.uasset" 245
"../../../../../../Proyects/Cursos/Unreal/REGRETSSION/Content/FirstPerson/Character/Materials/MaterialLayers/ML_Plastic_Shiny_Beige_LOGO.uasset" 246
"../../../../../../Proyects/Cursos/Unreal/REGRETSSION/Content/FirstPerson/Character/Materials/MaterialLayers/ML_Plastic_Shiny_Beige.uasset" 247
"../../../../../../Proyects/Cursos/Unreal/REGRETSSION/Content/FirstPerson/Character/Materials/MaterialLayers/T_ML_Rubber_Blue_01_N.uasset" 248
"../../../../../../Proyects/Cursos/Unreal/REGRETSSION/Content/FirstPerson/Character/Materials/MaterialLayers/T_ML_Rubber_Blue_01_D.uasset" 249
"../../../../../../Proyects/Cursos/Unreal/REGRETSSION/Content/FirstPerson/Character/Materials/MaterialLayers/ML_GlossyBlack_Latex_UE4.uasset" 250
"../../../../../../Proyects/Cursos/Unreal/REGRETSSION/Content/FirstPerson/Character/Materials/M_UE4Man_Body.uasset" 251
"../../../../../../Proyects/Cursos/Unreal/REGRETSSION/Content/FirstPerson/Character/Mesh/SK_Mannequin_Arms.uasset" 252
"../../../../../../Proyects/Cursos/Unreal/REGRETSSION/Content/FirstPerson/Audio/FirstPersonTemplateWeaponFire02.uasset" 253
"../../../../../../Proyects/Cursos/Unreal/REGRETSSION/Content/FirstPerson/Animations/FirstPerson_Fire.uasset" 254
"../../../../../../Proyects/Cursos/Unreal/REGRETSSION/Content/FirstPerson/Animations/FirstPersonFire_Montage.uasset" 255
"../../../../../../Proyects/Cursos/Unreal/REGRETSSION/Content/REGRETSSION-Assets/Blueprints/Player/FPSReg.uasset" 256
"../../../../../../Proyects/Cursos/Unreal/REGRETSSION/Content/FirstPerson/Textures/FirstPersonCrosshair.uasset" 257
"../../../../../../Proyects/Cursos/Unreal/REGRETSSION/Content/FirstPersonBP/Blueprints/FirstPersonHUD.uasset" 258
"../../../../../../Proyects/Cursos/Unreal/REGRETSSION/Content/FirstPersonBP/Blueprints/FirstPersonGameMode.uasset" 259
"../../../../../../Proyects/Cursos/Unreal/REGRETSSION/Content/FirstPersonBP/Blueprints/FirstPersonCharacter.uasset" 260
"../../../../../../Proyects/Cursos/Unreal/REGRETSSION/Content/FirstPerson/Meshes/CubeMaterialOverride.uasset" 261
"../../../../../../Proyects/Cursos/Unreal/REGRETSSION/Content/FirstPersonBP/Maps/FirstPersonExampleMap.umap" 262
"../../../../../../Proyects/Cursos/Unreal/REGRETSSION/Content/REGRETSSION-Assets/Maps/DEVROOM_TrainLevel_BuiltData.uasset" 263
"../../../../../../Proyects/Cursos/Unreal/REGRETSSION/Content/REGRETSSION-Assets/Blueprints/Actors/Destructible/BP_DestructibleBase.uasset" 264
"../../../Engine/Content/BasicShapes/Cube.uasset" 265
"../../../../../../Proyects/Cursos/Unreal/REGRETSSION/Content/REGRETSSION-Assets/Art/Materials/Keys/Mat_Key.uasset" 266
"../../../../../../Proyects/Cursos/Unreal/REGRETSSION/Content/REGRETSSION-Assets/Blueprints/Actors/Interactuable/BP_DoorSwitch.uasset" 267
"../../../../../../Proyects/Cursos/Unreal/REGRETSSION/Content/REGRETSSION-Assets/Blueprints/Actors/Interactuable/BP_Switch.uasset" 268
"../../../../../../Proyects/Cursos/Unreal/REGRETSSION/Content/REGRETSSION-Assets/Blueprints/Actors/Interactuable/BP_LockedDoor.uasset" 269
"../../../../../../Proyects/Cursos/Unreal/REGRETSSION/Content/REGRETSSION-Assets/Art/Materials/Keys/Mat_Key_Yellow.uasset" 270
"../../../../../../Proyects/Cursos/Unreal/REGRETSSION/Content/REGRETSSION-Assets/Art/Materials/Keys/Mat_Key_Red.uasset" 271
"../../../../../../Proyects/Cursos/Unreal/REGRETSSION/Content/REGRETSSION-Assets/Art/Materials/Keys/Mat_Key_Blue.uasset" 272
"../../../../../../Proyects/Cursos/Unreal/REGRETSSION/Content/REGRETSSION-Assets/Maps/DEVROOM_TrainLevel.umap" 273
